<<<<<<< Updated upstream
[2025-12-20 19:32:54] SUCCESS login attempt for 'leila@gmail.com' from IP: ::1
[2025-12-20 20:03:25] SUCCESS login attempt for 'admin@gmail.com' from IP: ::1
[2025-12-20 20:08:34] SUCCESS login attempt for 'leila@gmail.com' from IP: ::1
[2025-12-20 21:14:19] SUCCESS login attempt for 'admin@gmail.com' from IP: ::1
[2025-12-20 22:19:32] SUCCESS login attempt for 'admin@gmail.com' from IP: ::1
[2025-12-20 22:20:49] SUCCESS login attempt for 'streem@gmail.com' from IP: ::1
[2025-12-20 22:22:30] SUCCESS login attempt for 'lamaataturk@gmail.com' from IP: ::1
[2025-12-20 22:23:38] SUCCESS login attempt for 'admin@gmail.com' from IP: ::1
[2025-12-21 10:58:30] SUCCESS login attempt for 'admin@gmail.com' from IP: ::1
[2025-12-21 11:11:59] SUCCESS login attempt for 'reem@gmail.com' from IP: ::1
[2025-12-21 12:46:24] SUCCESS login attempt for 'riri@gmail.com' from IP: ::1
[2025-12-21 12:47:24] SUCCESS login attempt for 'admin@gmail.com' from IP: ::1
[2025-12-21 12:49:36] SUCCESS login attempt for 'leila@gmail.com' from IP: ::1
[2025-12-21 13:04:17] SUCCESS login attempt for 'riri@gmail.com' from IP: ::1
=======
[2025-12-19 21:54:28] SUCCESS login attempt for 'habiba@gmail.com' from IP: ::1
[2025-12-19 21:55:12] SUCCESS login attempt for 'reem@gmail.com' from IP: ::1
[2025-12-19 22:06:50] SUCCESS login attempt for 'habiba@gmail.com' from IP: ::1
[2025-12-19 23:15:29] SUCCESS login attempt for 'admin@gmail.com' from IP: ::1
[2025-12-19 23:31:48] FAILED login attempt for 'reem2@gmail.com' from IP: ::1 | Reason: BANNED
[2025-12-19 23:32:11] SUCCESS login attempt for 'admin@gmail.com' from IP: ::1
[2025-12-19 23:58:29] SUCCESS login attempt for 'reem@gmail.com' from IP: ::1
[2025-12-19 23:59:19] SUCCESS login attempt for 'habiba@gmail.com' from IP: ::1
[2025-12-20 00:02:27] SUCCESS login attempt for 'reem@gmail.com' from IP: ::1
[2025-12-20 00:02:54] SUCCESS login attempt for 'habiba@gmail.com' from IP: ::1
[2025-12-20 00:35:12] SUCCESS login attempt for 'reem@gmail.com' from IP: ::1
[2025-12-20 01:51:26] SUCCESS login attempt for 'habiba@gmail.com' from IP: ::1
[2025-12-20 01:52:12] SUCCESS login attempt for 'reem@gmail.com' from IP: ::1
[2025-12-20 01:54:09] SUCCESS login attempt for 'habiba@gmail.com' from IP: ::1
[2025-12-20 01:57:24] SUCCESS login attempt for 'reem@gmail.com' from IP: ::1
[2025-12-20 01:57:40] SUCCESS login attempt for 'habiba@gmail.com' from IP: ::1
[2025-12-20 02:00:55] SUCCESS login attempt for 'reem@gmail.com' from IP: ::1
[2025-12-20 02:08:39] SUCCESS login attempt for 'habiba@gmail.com' from IP: ::1
[2025-12-20 11:51:12] SUCCESS login attempt for 'reem@gmail.com' from IP: ::1
[2025-12-20 12:02:51] SUCCESS login attempt for 'habiba@gmail.com' from IP: ::1
[2025-12-20 12:17:41] SUCCESS login attempt for 'admin@gmail.com' from IP: ::1
[2025-12-20 12:24:24] SUCCESS login attempt for 'reem@gmail.com' from IP: ::1
[2025-12-20 12:25:05] SUCCESS login attempt for 'habiba@gmail.com' from IP: ::1
[2025-12-20 15:47:15] SUCCESS login attempt for 'reem@gmail.com' from IP: ::1
[2025-12-20 16:01:23] SUCCESS login attempt for 'admin@gmail.com' from IP: ::1
[2025-12-20 20:06:42] SUCCESS login attempt for 'admin@gmail.com' from IP: ::1
[2025-12-21 08:46:20] SUCCESS login attempt for 'admin@gmail.com' from IP: ::1
[2025-12-21 09:26:12] SUCCESS login attempt for 'sham@gmail.com' from IP: ::1
>>>>>>> Stashed changes
